
> temp_dir@0.1.0 build
> next build

Î“ĂśĂˇ Warning: Next.js inferred your workspace root, but it may not be correct.
 We detected multiple lockfiles and selected the directory of C:\Users\Lil Legend\package-lock.json as the root directory.
 To silence this warning, set `turbopack.root` in your Next.js config, or consider removing one of the lockfiles if it's not needed.
   See https://nextjs.org/docs/app/api-reference/config/next-config-js/turbopack#root-directory for more information.
 Detected additional lockfiles: 
   * C:\Users\Lil Legend\OneDrive\Desktop\Ferdsilinks\package-lock.json

Î“Ă»â–“ Next.js 16.2.2 (Turbopack)

  Creating an optimized production build ...
Î“ÂŁĂ´ Compiled successfully in 16.4s
  Running TypeScript ...
  Finished TypeScript in 18.1s ...
  Collecting page data using 7 workers ...
  Generating static pages using 7 workers (0/29) ...
  Generating static pages using 7 workers (7/29) 
  Generating static pages using 7 workers (14/29) 
  Generating static pages using 7 workers (21/29) 
Î“ÂŁĂ´ Generating static pages using 7 workers (29/29) in 2.7s
  Finalizing page optimization ...

Route (app)
Î“Ă¶Ă® Î“ĂąĂŻ /
Î“Ă¶ÂŁ Î“ĂąĂŻ /_not-found
Î“Ă¶ÂŁ Î“ĂąĂŻ /about
Î“Ă¶ÂŁ Î“ĂąĂŻ /blog
Î“Ă¶ÂŁ Î“ĂąĂ… /blog/[post]
Î“Ă¶Ă© Î“Ă¶ÂŁ /blog/future-of-data-science-in-africa
Î“Ă¶Ă© Î“Ă¶ÂŁ /blog/architecting-with-nextjs-14
Î“Ă¶Ă© Î“Ă¶ÂŁ /blog/ferdsilinks-launches-cloud-academy
Î“Ă¶Ă© Î“Ă¶Ă¶ [+2 more paths]
Î“Ă¶ÂŁ Î“ĂąĂŻ /careers
Î“Ă¶ÂŁ Î“ĂąĂŻ /contact
Î“Ă¶ÂŁ Î“ĂąĂŻ /podcast
Î“Ă¶ÂŁ Î“ĂąĂŻ /portfolio
Î“Ă¶ÂŁ Î“ĂąĂŻ /services
Î“Ă¶ÂŁ Î“ĂąĂ… /services/[service]
Î“Ă¶Ă© Î“Ă¶ÂŁ /services/data-science-lab
Î“Ă¶Ă© Î“Ă¶ÂŁ /services/cloud-systems
Î“Ă¶Ă© Î“Ă¶ÂŁ /services/custom-app-dev
Î“Ă¶Ă© Î“Ă¶Ă¶ [+3 more paths]
Î“Ă¶ÂŁ Î“ĂąĂŻ /team
Î“Ă¶ÂŁ Î“ĂąĂŻ /training
Î“Ă¶Ă¶ Î“ĂąĂ… /training/[course]
  Î“Ă¶ÂŁ /training/applied-data-science-bootcamp
  Î“Ă¶ÂŁ /training/fullstack-nextjs-engineering
  Î“Ă¶ÂŁ /training/aws-cloud-architect
  Î“Ă¶Ă¶ [+2 more paths]


Î“ĂąĂŻ  (Static)  prerendered as static content
Î“ĂąĂ…  (SSG)     prerendered as static HTML (uses generateStaticParams)

