
> temp_dir@0.1.0 build
> next build

ΓÜá Warning: Next.js inferred your workspace root, but it may not be correct.
 We detected multiple lockfiles and selected the directory of C:\Users\Lil Legend\package-lock.json as the root directory.
 To silence this warning, set `turbopack.root` in your Next.js config, or consider removing one of the lockfiles if it's not needed.
   See https://nextjs.org/docs/app/api-reference/config/next-config-js/turbopack#root-directory for more information.
 Detected additional lockfiles: 
   * C:\Users\Lil Legend\OneDrive\Desktop\Ferdsilinks\package-lock.json

Γû▓ Next.js 16.2.2 (Turbopack)

  Creating an optimized production build ...
Γ£ô Compiled successfully in 4.1s
  Running TypeScript ...
Failed to type check.

./src/app/contact/page.tsx:52:221
Type error: Type 'string' is not assignable to type 'number'.

  50 | ...
  51 | ...
> 52 | ..."Tell us about your project or inquiry..." rows="5"></textarea>
     |                                               ^
  53 | ...
  54 | ...hadow-on-tertiary-container/20" type="submit">
  55 | ...
Next.js build worker exited with code: 1 and signal: null
